[0.221s] Invoking command in '/home/robotrodeo/capstone/build/robot_interfaces': CMAKE_PREFIX_PATH=${CMAKE_PREFIX_PATH}:/home/robotrodeo/capstone/install/encoder:/home/robotrodeo/capstone/install/drivetrain:/opt/ros/humble /usr/bin/cmake --build /home/robotrodeo/capstone/build/robot_interfaces -- -j4 -l4
[1.711s] [  9%] Built target robot_interfaces__rosidl_generator_c
[1.713s] [ 12%] Built target robot_interfaces__cpp
[1.714s] [35m[1mConsolidate compiler generated dependencies of target robot_interfaces__rosidl_typesupport_fastrtps_c[0m
[1.716s] [35m[1mConsolidate compiler generated dependencies of target robot_interfaces__rosidl_typesupport_introspection_c[0m
[1.716s] [ 22%] Built target robot_interfaces__rosidl_typesupport_introspection_c
[1.717s] [ 32%] Built target robot_interfaces__rosidl_typesupport_fastrtps_c
[1.718s] failed to create symbolic link '/home/robotrodeo/capstone/build/robot_interfaces/ament_cmake_python/robot_interfaces/robot_interfaces' because existing path cannot be removed: Is a directory
[1.718s] gmake[2]: *** [CMakeFiles/ament_cmake_python_symlink_robot_interfaces.dir/build.make:70: CMakeFiles/ament_cmake_python_symlink_robot_interfaces] Error 1
[1.719s] gmake[1]: *** [CMakeFiles/Makefile2:421: CMakeFiles/ament_cmake_python_symlink_robot_interfaces.dir/all] Error 2
[1.720s] gmake[1]: *** Waiting for unfinished jobs....
[1.721s] gmake: *** [Makefile:146: all] Error 2
[1.741s] Invoked command in '/home/robotrodeo/capstone/build/robot_interfaces' returned '2': CMAKE_PREFIX_PATH=${CMAKE_PREFIX_PATH}:/home/robotrodeo/capstone/install/encoder:/home/robotrodeo/capstone/install/drivetrain:/opt/ros/humble /usr/bin/cmake --build /home/robotrodeo/capstone/build/robot_interfaces -- -j4 -l4
