[0.208s] Invoking command in '/home/robotrodeo/capstone/build/robot_interfaces': CMAKE_PREFIX_PATH=${CMAKE_PREFIX_PATH}:/home/robotrodeo/capstone/install/encoder:/home/robotrodeo/capstone/install/drivetrain:/opt/ros/humble /usr/bin/cmake /home/robotrodeo/capstone/src/robot_interfaces -DCMAKE_INSTALL_PREFIX=/home/robotrodeo/capstone/install/robot_interfaces
[2.349s] -- Found ament_cmake: 1.3.3 (/opt/ros/humble/share/ament_cmake/cmake)
[2.352s] -- Override CMake install command with custom implementation using symlinks instead of copying resources
[2.355s] -- Found rosidl_default_generators: 1.2.0 (/opt/ros/humble/share/rosidl_default_generators/cmake)
[2.357s] -- Using all available rosidl_typesupport_c: rosidl_typesupport_fastrtps_c;rosidl_typesupport_introspection_c
[2.359s] -- Found rosidl_adapter: 3.1.4 (/opt/ros/humble/share/rosidl_adapter/cmake)
[2.361s] -- Using all available rosidl_typesupport_cpp: rosidl_typesupport_fastrtps_cpp;rosidl_typesupport_introspection_cpp
[4.197s] -- Found ament_cmake_ros: 0.10.0 (/opt/ros/humble/share/ament_cmake_ros/cmake)
[5.734s] -- Using all available rosidl_typesupport_c: rosidl_typesupport_fastrtps_c;rosidl_typesupport_introspection_c
[7.213s] -- Using all available rosidl_typesupport_cpp: rosidl_typesupport_fastrtps_cpp;rosidl_typesupport_introspection_cpp
[7.353s] -- Found python_cmake_module: 0.10.0 (/opt/ros/humble/share/python_cmake_module/cmake)
[7.491s] -- Using PYTHON_EXECUTABLE: /usr/bin/python3
[7.491s] -- Using PYTHON_INCLUDE_DIRS: /usr/include/python3.10
[7.492s] -- Using PYTHON_LIBRARIES: /usr/lib/aarch64-linux-gnu/libpython3.10.so
[7.615s] -- Configuring done
[7.841s] -- Generating done
[7.872s] -- Build files have been written to: /home/robotrodeo/capstone/build/robot_interfaces
[7.908s] Invoked command in '/home/robotrodeo/capstone/build/robot_interfaces' returned '0': CMAKE_PREFIX_PATH=${CMAKE_PREFIX_PATH}:/home/robotrodeo/capstone/install/encoder:/home/robotrodeo/capstone/install/drivetrain:/opt/ros/humble /usr/bin/cmake /home/robotrodeo/capstone/src/robot_interfaces -DCMAKE_INSTALL_PREFIX=/home/robotrodeo/capstone/install/robot_interfaces
[7.910s] Invoking command in '/home/robotrodeo/capstone/build/robot_interfaces': CMAKE_PREFIX_PATH=${CMAKE_PREFIX_PATH}:/home/robotrodeo/capstone/install/encoder:/home/robotrodeo/capstone/install/drivetrain:/opt/ros/humble /usr/bin/cmake --build /home/robotrodeo/capstone/build/robot_interfaces -- -j4 -l4
[8.125s] [35m[1mConsolidate compiler generated dependencies of target robot_interfaces__rosidl_generator_c[0m
[8.192s] failed to create symbolic link '/home/robotrodeo/capstone/build/robot_interfaces/ament_cmake_python/robot_interfaces/robot_interfaces' because existing path cannot be removed: Is a directory
[8.204s] gmake[2]: *** [CMakeFiles/ament_cmake_python_symlink_robot_interfaces.dir/build.make:70: CMakeFiles/ament_cmake_python_symlink_robot_interfaces] Error 1
[8.205s] gmake[1]: *** [CMakeFiles/Makefile2:421: CMakeFiles/ament_cmake_python_symlink_robot_interfaces.dir/all] Error 2
[8.207s] gmake[1]: *** Waiting for unfinished jobs....
[8.242s] [  9%] Built target robot_interfaces__rosidl_generator_c
[8.280s] [ 12%] Built target robot_interfaces__cpp
[8.281s] gmake: *** [Makefile:146: all] Error 2
[8.300s] Invoked command in '/home/robotrodeo/capstone/build/robot_interfaces' returned '2': CMAKE_PREFIX_PATH=${CMAKE_PREFIX_PATH}:/home/robotrodeo/capstone/install/encoder:/home/robotrodeo/capstone/install/drivetrain:/opt/ros/humble /usr/bin/cmake --build /home/robotrodeo/capstone/build/robot_interfaces -- -j4 -l4
